<?xml version="1.0" encoding="UTF-8"?>
<!-- Generated by org.testng.reporters.JUnitReportReporter -->
<testsuite hostname="MacBook-Pro-3.local" name="com.instawork.testcases.Testcases" tests="1" failures="0" timestamp="13 Feb 2018 10:14:04 GMT" time="15.869" errors="0">
  <testcase name="Instawork" time="15.869" classname="com.instawork.testcases.Testcases"/>
</testsuite> <!-- com.instawork.testcases.Testcases -->
